TN:
SF:src\adapters\HederaAdapter.ts
FN:57,(anonymous_0)
FN:74,(anonymous_1)
FN:109,(anonymous_2)
FN:117,(anonymous_3)
FN:121,(anonymous_4)
FN:187,(anonymous_5)
FN:227,(anonymous_6)
FN:285,(anonymous_7)
FN:329,(anonymous_8)
FN:353,(anonymous_9)
FN:397,(anonymous_10)
FN:427,(anonymous_11)
FN:456,(anonymous_12)
FN:491,(anonymous_13)
FN:497,(anonymous_14)
FN:501,(anonymous_15)
FN:505,(anonymous_16)
FN:512,(anonymous_17)
FNF:18
FNH:0
FNDA:0,(anonymous_0)
FNDA:0,(anonymous_1)
FNDA:0,(anonymous_2)
FNDA:0,(anonymous_3)
FNDA:0,(anonymous_4)
FNDA:0,(anonymous_5)
FNDA:0,(anonymous_6)
FNDA:0,(anonymous_7)
FNDA:0,(anonymous_8)
FNDA:0,(anonymous_9)
FNDA:0,(anonymous_10)
FNDA:0,(anonymous_11)
FNDA:0,(anonymous_12)
FNDA:0,(anonymous_13)
FNDA:0,(anonymous_14)
FNDA:0,(anonymous_15)
FNDA:0,(anonymous_16)
FNDA:0,(anonymous_17)
DA:1,0
DA:21,0
DA:39,0
DA:40,0
DA:41,0
DA:42,0
DA:51,0
DA:54,0
DA:55,0
DA:58,0
DA:59,0
DA:62,0
DA:63,0
DA:66,0
DA:69,0
DA:75,0
DA:77,0
DA:79,0
DA:80,0
DA:82,0
DA:83,0
DA:85,0
DA:86,0
DA:88,0
DA:92,0
DA:95,0
DA:99,0
DA:100,0
DA:102,0
DA:104,0
DA:105,0
DA:110,0
DA:111,0
DA:113,0
DA:114,0
DA:118,0
DA:122,0
DA:123,0
DA:126,0
DA:128,0
DA:145,0
DA:146,0
DA:147,0
DA:149,0
DA:150,0
DA:153,0
DA:154,0
DA:155,0
DA:158,0
DA:159,0
DA:161,0
DA:179,0
DA:180,0
DA:182,0
DA:183,0
DA:188,0
DA:189,0
DA:192,0
DA:195,0
DA:199,0
DA:200,0
DA:217,0
DA:220,0
DA:222,0
DA:223,0
DA:228,0
DA:229,0
DA:232,0
DA:234,0
DA:235,0
DA:237,0
DA:243,0
DA:244,0
DA:245,0
DA:247,0
DA:248,0
DA:251,0
DA:252,0
DA:253,0
DA:256,0
DA:257,0
DA:259,0
DA:273,0
DA:276,0
DA:278,0
DA:280,0
DA:281,0
DA:286,0
DA:287,0
DA:290,0
DA:291,0
DA:294,0
DA:298,0
DA:313,0
DA:316,0
DA:317,0
DA:318,0
DA:322,0
DA:324,0
DA:325,0
DA:330,0
DA:331,0
DA:334,0
DA:335,0
DA:336,0
DA:340,0
DA:341,0
DA:344,0
DA:345,0
DA:346,0
DA:348,0
DA:349,0
DA:354,0
DA:355,0
DA:358,0
DA:359,0
DA:360,0
DA:364,0
DA:366,0
DA:372,0
DA:373,0
DA:380,0
DA:381,0
DA:382,0
DA:384,0
DA:385,0
DA:388,0
DA:389,0
DA:390,0
DA:392,0
DA:393,0
DA:398,0
DA:399,0
DA:402,0
DA:404,0
DA:405,0
DA:407,0
DA:412,0
DA:413,0
DA:414,0
DA:416,0
DA:417,0
DA:420,0
DA:422,0
DA:423,0
DA:428,0
DA:429,0
DA:432,0
DA:433,0
DA:434,0
DA:436,0
DA:441,0
DA:442,0
DA:443,0
DA:445,0
DA:446,0
DA:449,0
DA:451,0
DA:452,0
DA:457,0
DA:458,0
DA:461,0
DA:463,0
DA:466,0
DA:470,0
DA:484,0
DA:486,0
DA:487,0
DA:492,0
DA:493,0
DA:498,0
DA:502,0
DA:506,0
DA:509,0
DA:513,0
DA:514,0
DA:516,0
DA:521,0
DA:522,0
DA:523,0
DA:525,0
DA:526,0
DA:529,0
LF:183
LH:0
BRDA:66,0,0,0
BRDA:66,0,1,0
BRDA:69,1,0,0
BRDA:69,1,1,0
BRDA:77,2,0,0
BRDA:77,2,1,0
BRDA:77,2,2,0
BRDA:77,2,3,0
BRDA:110,3,0,0
BRDA:122,4,0,0
BRDA:149,5,0,0
BRDA:154,6,0,0
BRDA:188,7,0,0
BRDA:199,8,0,0
BRDA:228,9,0,0
BRDA:247,10,0,0
BRDA:252,11,0,0
BRDA:286,12,0,0
BRDA:316,13,0,0
BRDA:330,14,0,0
BRDA:340,15,0,0
BRDA:346,16,0,0
BRDA:346,16,1,0
BRDA:354,17,0,0
BRDA:364,18,0,0
BRDA:364,18,1,0
BRDA:384,19,0,0
BRDA:398,20,0,0
BRDA:416,21,0,0
BRDA:428,22,0,0
BRDA:445,23,0,0
BRDA:457,24,0,0
BRDA:477,25,0,0
BRDA:477,25,1,0
BRDA:493,26,0,0
BRDA:493,26,1,0
BRDA:525,27,0,0
BRF:37
BRH:0
end_of_record
TN:
SF:src\adapters\MockAdapter.ts
FN:35,(anonymous_0)
FN:44,(anonymous_1)
FN:58,(anonymous_2)
FN:63,(anonymous_3)
FN:67,(anonymous_4)
FN:103,(anonymous_5)
FN:113,(anonymous_6)
FN:150,(anonymous_7)
FN:170,(anonymous_8)
FN:185,(anonymous_9)
FN:242,(anonymous_10)
FN:274,(anonymous_11)
FN:307,(anonymous_12)
FN:317,(anonymous_13)
FN:323,(anonymous_14)
FN:334,(anonymous_15)
FN:354,(anonymous_16)
FN:359,(anonymous_17)
FN:363,(anonymous_18)
FN:367,(anonymous_19)
FN:371,(anonymous_20)
FN:380,(anonymous_21)
FN:382,(anonymous_22)
FN:386,(anonymous_23)
FN:394,(anonymous_24)
FNF:25
FNH:0
FNDA:0,(anonymous_0)
FNDA:0,(anonymous_1)
FNDA:0,(anonymous_2)
FNDA:0,(anonymous_3)
FNDA:0,(anonymous_4)
FNDA:0,(anonymous_5)
FNDA:0,(anonymous_6)
FNDA:0,(anonymous_7)
FNDA:0,(anonymous_8)
FNDA:0,(anonymous_9)
FNDA:0,(anonymous_10)
FNDA:0,(anonymous_11)
FNDA:0,(anonymous_12)
FNDA:0,(anonymous_13)
FNDA:0,(anonymous_14)
FNDA:0,(anonymous_15)
FNDA:0,(anonymous_16)
FNDA:0,(anonymous_17)
FNDA:0,(anonymous_18)
FNDA:0,(anonymous_19)
FNDA:0,(anonymous_20)
FNDA:0,(anonymous_21)
FNDA:0,(anonymous_22)
FNDA:0,(anonymous_23)
FNDA:0,(anonymous_24)
DA:2,0
DA:3,0
DA:19,0
DA:20,0
DA:21,0
DA:22,0
DA:26,0
DA:29,0
DA:30,0
DA:31,0
DA:32,0
DA:33,0
DA:36,0
DA:41,0
DA:45,0
DA:47,0
DA:48,0
DA:51,0
DA:52,0
DA:55,0
DA:59,0
DA:60,0
DA:64,0
DA:68,0
DA:69,0
DA:72,0
DA:74,0
DA:75,0
DA:78,0
DA:79,0
DA:97,0
DA:98,0
DA:100,0
DA:104,0
DA:105,0
DA:108,0
DA:110,0
DA:114,0
DA:115,0
DA:118,0
DA:120,0
DA:121,0
DA:124,0
DA:125,0
DA:127,0
DA:141,0
DA:142,0
DA:143,0
DA:145,0
DA:147,0
DA:151,0
DA:152,0
DA:155,0
DA:157,0
DA:158,0
DA:159,0
DA:163,0
DA:164,0
DA:165,0
DA:167,0
DA:171,0
DA:172,0
DA:175,0
DA:177,0
DA:178,0
DA:179,0
DA:182,0
DA:186,0
DA:187,0
DA:190,0
DA:192,0
DA:193,0
DA:197,0
DA:198,0
DA:202,0
DA:203,0
DA:204,0
DA:208,0
DA:209,0
DA:211,0
DA:212,0
DA:213,0
DA:215,0
DA:216,0
DA:218,0
DA:219,0
DA:222,0
DA:223,0
DA:236,0
DA:238,0
DA:239,0
DA:243,0
DA:244,0
DA:247,0
DA:249,0
DA:250,0
DA:254,0
DA:255,0
DA:256,0
DA:257,0
DA:259,0
DA:260,0
DA:264,0
DA:265,0
DA:266,0
DA:268,0
DA:269,0
DA:271,0
DA:275,0
DA:276,0
DA:279,0
DA:281,0
DA:282,0
DA:285,0
DA:286,0
DA:288,0
DA:289,0
DA:293,0
DA:294,0
DA:295,0
DA:297,0
DA:299,0
DA:301,0
DA:302,0
DA:304,0
DA:308,0
DA:309,0
DA:312,0
DA:314,0
DA:318,0
DA:319,0
DA:324,0
DA:325,0
DA:326,0
DA:328,0
DA:329,0
DA:331,0
DA:335,0
DA:336,0
DA:338,0
DA:339,0
DA:342,0
DA:343,0
DA:344,0
DA:346,0
DA:349,0
DA:351,0
DA:355,0
DA:356,0
DA:360,0
DA:364,0
DA:368,0
DA:372,0
DA:373,0
DA:374,0
DA:375,0
DA:376,0
DA:377,0
DA:381,0
DA:382,0
DA:387,0
DA:388,0
DA:391,0
DA:395,0
DA:397,0
DA:418,0
DA:421,0
DA:423,0
DA:425,0
LF:169
LH:0
BRDA:47,0,0,0
BRDA:68,1,0,0
BRDA:74,2,0,0
BRDA:104,3,0,0
BRDA:110,4,0,0
BRDA:110,4,1,0
BRDA:114,5,0,0
BRDA:120,6,0,0
BRDA:151,7,0,0
BRDA:158,8,0,0
BRDA:163,9,0,0
BRDA:163,9,1,0
BRDA:171,10,0,0
BRDA:178,11,0,0
BRDA:182,12,0,0
BRDA:182,12,1,0
BRDA:186,13,0,0
BRDA:192,14,0,0
BRDA:197,15,0,0
BRDA:197,16,0,0
BRDA:197,16,1,0
BRDA:203,17,0,0
BRDA:208,18,0,0
BRDA:208,18,1,0
BRDA:209,19,0,0
BRDA:209,19,1,0
BRDA:212,20,0,0
BRDA:212,20,1,0
BRDA:243,21,0,0
BRDA:249,22,0,0
BRDA:255,23,0,0
BRDA:255,23,1,0
BRDA:256,24,0,0
BRDA:256,24,1,0
BRDA:259,25,0,0
BRDA:275,26,0,0
BRDA:281,27,0,0
BRDA:285,28,0,0
BRDA:285,28,1,0
BRDA:286,29,0,0
BRDA:286,29,1,0
BRDA:288,30,0,0
BRDA:294,31,0,0
BRDA:294,31,1,0
BRDA:308,32,0,0
BRDA:314,33,0,0
BRDA:314,33,1,0
BRDA:319,34,0,0
BRDA:319,34,1,0
BRDA:324,35,0,0
BRDA:324,35,1,0
BRDA:325,36,0,0
BRDA:325,36,1,0
BRDA:335,37,0,0
BRDA:335,37,1,0
BRDA:336,38,0,0
BRDA:336,38,1,0
BRDA:338,39,0,0
BRDA:343,40,0,0
BRDA:343,40,1,0
BRDA:355,41,0,0
BRDA:355,41,1,0
BRDA:356,42,0,0
BRDA:356,42,1,0
BRDA:381,43,0,0
BRDA:381,44,0,0
BRDA:381,44,1,0
BRDA:387,45,0,0
BRDA:387,46,0,0
BRDA:387,46,1,0
BRF:70
BRH:0
end_of_record
TN:
SF:src\adapters\SuiAdapter.ts
FN:40,(anonymous_0)
FN:59,(anonymous_1)
FN:81,(anonymous_2)
FN:86,(anonymous_3)
FN:90,(anonymous_4)
FN:125,(anonymous_5)
FN:160,(anonymous_6)
FN:209,(anonymous_7)
FN:239,(anonymous_8)
FN:271,(anonymous_9)
FN:312,(anonymous_10)
FN:332,(anonymous_11)
FN:372,(anonymous_12)
FN:408,(anonymous_13)
FN:444,(anonymous_14)
FN:485,(anonymous_15)
FN:491,(anonymous_16)
FN:495,(anonymous_17)
FN:501,(anonymous_18)
FN:514,(anonymous_19)
FNF:20
FNH:0
FNDA:0,(anonymous_0)
FNDA:0,(anonymous_1)
FNDA:0,(anonymous_2)
FNDA:0,(anonymous_3)
FNDA:0,(anonymous_4)
FNDA:0,(anonymous_5)
FNDA:0,(anonymous_6)
FNDA:0,(anonymous_7)
FNDA:0,(anonymous_8)
FNDA:0,(anonymous_9)
FNDA:0,(anonymous_10)
FNDA:0,(anonymous_11)
FNDA:0,(anonymous_12)
FNDA:0,(anonymous_13)
FNDA:0,(anonymous_14)
FNDA:0,(anonymous_15)
FNDA:0,(anonymous_16)
FNDA:0,(anonymous_17)
FNDA:0,(anonymous_18)
FNDA:0,(anonymous_19)
DA:1,0
DA:2,0
DA:3,0
DA:4,0
DA:6,0
DA:23,0
DA:24,0
DA:25,0
DA:26,0
DA:32,0
DA:36,0
DA:37,0
DA:38,0
DA:41,0
DA:42,0
DA:45,0
DA:46,0
DA:49,0
DA:50,0
DA:52,0
DA:53,0
DA:56,0
DA:60,0
DA:62,0
DA:63,0
DA:66,0
DA:67,0
DA:70,0
DA:71,0
DA:74,0
DA:76,0
DA:77,0
DA:82,0
DA:83,0
DA:87,0
DA:91,0
DA:92,0
DA:95,0
DA:96,0
DA:99,0
DA:110,0
DA:119,0
DA:120,0
DA:124,0
DA:125,0
DA:128,0
DA:129,0
DA:132,0
DA:134,0
DA:152,0
DA:153,0
DA:155,0
DA:156,0
DA:161,0
DA:162,0
DA:165,0
DA:166,0
DA:174,0
DA:175,0
DA:178,0
DA:179,0
DA:180,0
DA:183,0
DA:184,0
DA:202,0
DA:204,0
DA:205,0
DA:210,0
DA:211,0
DA:214,0
DA:215,0
DA:218,0
DA:225,0
DA:234,0
DA:235,0
DA:238,0
DA:239,0
DA:242,0
DA:243,0
DA:246,0
DA:247,0
DA:249,0
DA:263,0
DA:264,0
DA:266,0
DA:267,0
DA:272,0
DA:273,0
DA:276,0
DA:277,0
DA:284,0
DA:285,0
DA:288,0
DA:289,0
DA:291,0
DA:305,0
DA:307,0
DA:308,0
DA:313,0
DA:314,0
DA:317,0
DA:319,0
DA:320,0
DA:321,0
DA:324,0
DA:325,0
DA:327,0
DA:328,0
DA:333,0
DA:334,0
DA:337,0
DA:338,0
DA:341,0
DA:351,0
DA:359,0
DA:360,0
DA:363,0
DA:364,0
DA:365,0
DA:367,0
DA:368,0
DA:373,0
DA:374,0
DA:377,0
DA:378,0
DA:380,0
DA:389,0
DA:397,0
DA:398,0
DA:401,0
DA:403,0
DA:404,0
DA:409,0
DA:410,0
DA:413,0
DA:414,0
DA:416,0
DA:425,0
DA:433,0
DA:434,0
DA:437,0
DA:439,0
DA:440,0
DA:445,0
DA:446,0
DA:449,0
DA:450,0
DA:459,0
DA:460,0
DA:464,0
DA:478,0
DA:480,0
DA:481,0
DA:486,0
DA:487,0
DA:492,0
DA:496,0
DA:497,0
DA:498,0
DA:502,0
DA:503,0
DA:506,0
DA:507,0
DA:509,0
DA:515,0
DA:516,0
LF:166
LH:0
BRDA:45,0,0,0
BRDA:45,0,1,0
BRDA:49,1,0,0
BRDA:49,1,1,0
BRDA:56,2,0,0
BRDA:56,2,1,0
BRDA:70,3,0,0
BRDA:91,4,0,0
BRDA:119,5,0,0
BRDA:128,6,0,0
BRDA:128,7,0,0
BRDA:128,7,1,0
BRDA:161,8,0,0
BRDA:174,9,0,0
BRDA:179,10,0,0
BRDA:179,11,0,0
BRDA:179,11,1,0
BRDA:197,12,0,0
BRDA:197,12,1,0
BRDA:210,13,0,0
BRDA:234,14,0,0
BRDA:242,15,0,0
BRDA:242,16,0,0
BRDA:242,16,1,0
BRDA:272,17,0,0
BRDA:284,18,0,0
BRDA:300,19,0,0
BRDA:300,19,1,0
BRDA:313,20,0,0
BRDA:320,21,0,0
BRDA:325,22,0,0
BRDA:325,22,1,0
BRDA:333,23,0,0
BRDA:359,24,0,0
BRDA:373,25,0,0
BRDA:397,26,0,0
BRDA:409,27,0,0
BRDA:433,28,0,0
BRDA:445,29,0,0
BRDA:459,30,0,0
BRDA:471,31,0,0
BRDA:471,31,1,0
BRDA:474,32,0,0
BRDA:474,32,1,0
BRDA:475,33,0,0
BRDA:475,33,1,0
BRDA:487,34,0,0
BRDA:487,34,1,0
BRDA:502,35,0,0
BRDA:502,36,0,0
BRDA:502,36,1,0
BRF:51
BRH:0
end_of_record
TN:
SF:src\adapters\index.ts
FN:1,(anonymous_0)
FN:2,(anonymous_1)
FN:3,(anonymous_2)
FNF:3
FNH:0
FNDA:0,(anonymous_0)
FNDA:0,(anonymous_1)
FNDA:0,(anonymous_2)
DA:1,0
DA:2,0
DA:3,0
LF:3
LH:0
BRF:0
BRH:0
end_of_record
TN:
SF:src\router\ConfirmationRecordManager.ts
FN:74,(anonymous_0)
FN:83,(anonymous_1)
FN:113,(anonymous_2)
FN:147,(anonymous_3)
FN:205,(anonymous_4)
FN:222,(anonymous_5)
FN:225,(anonymous_6)
FN:235,(anonymous_7)
FN:249,(anonymous_8)
FN:261,(anonymous_9)
FN:275,(anonymous_10)
FN:287,(anonymous_11)
FN:300,(anonymous_12)
FN:327,(anonymous_13)
FN:335,(anonymous_14)
FN:356,(anonymous_15)
FN:357,(anonymous_16)
FN:398,(anonymous_17)
FN:406,(anonymous_18)
FNF:19
FNH:0
FNDA:0,(anonymous_0)
FNDA:0,(anonymous_1)
FNDA:0,(anonymous_2)
FNDA:0,(anonymous_3)
FNDA:0,(anonymous_4)
FNDA:0,(anonymous_5)
FNDA:0,(anonymous_6)
FNDA:0,(anonymous_7)
FNDA:0,(anonymous_8)
FNDA:0,(anonymous_9)
FNDA:0,(anonymous_10)
FNDA:0,(anonymous_11)
FNDA:0,(anonymous_12)
FNDA:0,(anonymous_13)
FNDA:0,(anonymous_14)
FNDA:0,(anonymous_15)
FNDA:0,(anonymous_16)
FNDA:0,(anonymous_17)
FNDA:0,(anonymous_18)
DA:63,0
DA:69,0
DA:70,0
DA:71,0
DA:72,0
DA:75,0
DA:76,0
DA:77,0
DA:88,0
DA:90,0
DA:106,0
DA:107,0
DA:114,0
DA:116,0
DA:123,0
DA:129,0
DA:135,0
DA:137,0
DA:139,0
DA:140,0
DA:148,0
DA:150,0
DA:152,0
DA:155,0
DA:156,0
DA:158,0
DA:167,0
DA:168,0
DA:169,0
DA:170,0
DA:174,0
DA:175,0
DA:176,0
DA:177,0
DA:179,0
DA:180,0
DA:181,0
DA:182,0
DA:184,0
DA:188,0
DA:190,0
DA:193,0
DA:196,0
DA:198,0
DA:206,0
DA:207,0
DA:212,0
DA:214,0
DA:215,0
DA:223,0
DA:224,0
DA:225,0
DA:227,0
DA:228,0
DA:236,0
DA:237,0
DA:241,0
DA:242,0
DA:243,0
DA:244,0
DA:245,0
DA:249,0
DA:250,0
DA:253,0
DA:254,0
DA:262,0
DA:263,0
DA:267,0
DA:268,0
DA:269,0
DA:270,0
DA:271,0
DA:275,0
DA:276,0
DA:279,0
DA:280,0
DA:288,0
DA:289,0
DA:290,0
DA:292,0
DA:293,0
DA:304,0
DA:305,0
DA:306,0
DA:307,0
DA:310,0
DA:311,0
DA:312,0
DA:314,0
DA:315,0
DA:317,0
DA:319,0
DA:320,0
DA:331,0
DA:332,0
DA:335,0
DA:336,0
DA:337,0
DA:340,0
DA:356,0
DA:357,0
DA:364,0
DA:365,0
DA:366,0
DA:368,0
DA:369,0
DA:371,0
DA:373,0
DA:374,0
DA:376,0
DA:379,0
DA:380,0
DA:381,0
DA:382,0
DA:384,0
DA:388,0
DA:390,0
DA:391,0
DA:399,0
DA:400,0
DA:407,0
DA:408,0
DA:409,0
DA:411,0
DA:412,0
DA:414,0
DA:415,0
DA:416,0
DA:417,0
DA:421,0
DA:425,0
DA:426,0
DA:428,0
DA:429,0
LF:134
LH:0
BRDA:155,0,0,0
BRDA:155,0,1,0
BRDA:167,1,0,0
BRDA:167,1,1,0
BRDA:169,2,0,0
BRDA:179,3,0,0
BRDA:179,3,1,0
BRDA:179,4,0,0
BRDA:179,4,1,0
BRDA:179,4,2,0
BRDA:179,4,3,0
BRDA:181,5,0,0
BRDA:181,5,1,0
BRDA:181,6,0,0
BRDA:181,6,1,0
BRDA:188,7,0,0
BRDA:188,8,0,0
BRDA:188,8,1,0
BRDA:188,8,2,0
BRDA:188,8,3,0
BRDA:212,9,0,0
BRDA:212,9,1,0
BRDA:244,10,0,0
BRDA:270,11,0,0
BRDA:290,12,0,0
BRDA:290,12,1,0
BRDA:306,13,0,0
BRDA:337,14,0,0
BRDA:337,14,1,0
BRDA:368,15,0,0
BRDA:373,16,0,0
BRDA:379,17,0,0
BRDA:381,18,0,0
BRDA:416,19,0,0
BRF:34
BRH:0
end_of_record
TN:
SF:src\router\LedgerManager.ts
FN:18,(anonymous_0)
FN:23,(anonymous_1)
FN:41,(anonymous_2)
FN:78,(anonymous_3)
FN:91,(anonymous_4)
FN:95,(anonymous_5)
FN:99,(anonymous_6)
FN:103,(anonymous_7)
FN:123,(anonymous_8)
FN:137,(anonymous_9)
FN:157,(anonymous_10)
FN:171,(anonymous_11)
FN:185,(anonymous_12)
FN:211,(anonymous_13)
FN:236,(anonymous_14)
FN:261,(anonymous_15)
FN:275,(anonymous_16)
FN:289,(anonymous_17)
FN:332,(anonymous_18)
FN:345,(anonymous_19)
FNF:20
FNH:0
FNDA:0,(anonymous_0)
FNDA:0,(anonymous_1)
FNDA:0,(anonymous_2)
FNDA:0,(anonymous_3)
FNDA:0,(anonymous_4)
FNDA:0,(anonymous_5)
FNDA:0,(anonymous_6)
FNDA:0,(anonymous_7)
FNDA:0,(anonymous_8)
FNDA:0,(anonymous_9)
FNDA:0,(anonymous_10)
FNDA:0,(anonymous_11)
FNDA:0,(anonymous_12)
FNDA:0,(anonymous_13)
FNDA:0,(anonymous_14)
FNDA:0,(anonymous_15)
FNDA:0,(anonymous_16)
FNDA:0,(anonymous_17)
FNDA:0,(anonymous_18)
FNDA:0,(anonymous_19)
DA:2,0
DA:9,0
DA:10,0
DA:11,0
DA:13,0
DA:14,0
DA:19,0
DA:20,0
DA:24,0
DA:25,0
DA:26,0
DA:27,0
DA:28,0
DA:29,0
DA:30,0
DA:34,0
DA:36,0
DA:37,0
DA:45,0
DA:46,0
DA:48,0
DA:51,0
DA:54,0
DA:59,0
DA:60,0
DA:65,0
DA:66,0
DA:69,0
DA:70,0
DA:73,0
DA:74,0
DA:79,0
DA:80,0
DA:81,0
DA:82,0
DA:84,0
DA:86,0
DA:87,0
DA:92,0
DA:96,0
DA:100,0
DA:104,0
DA:105,0
DA:106,0
DA:109,0
DA:110,0
DA:113,0
DA:114,0
DA:115,0
DA:116,0
DA:118,0
DA:119,0
DA:124,0
DA:125,0
DA:126,0
DA:129,0
DA:130,0
DA:132,0
DA:133,0
DA:138,0
DA:139,0
DA:140,0
DA:143,0
DA:144,0
DA:147,0
DA:148,0
DA:149,0
DA:150,0
DA:152,0
DA:153,0
DA:158,0
DA:159,0
DA:160,0
DA:163,0
DA:164,0
DA:166,0
DA:167,0
DA:172,0
DA:173,0
DA:174,0
DA:177,0
DA:178,0
DA:180,0
DA:181,0
DA:192,0
DA:193,0
DA:194,0
DA:197,0
DA:198,0
DA:201,0
DA:202,0
DA:203,0
DA:204,0
DA:206,0
DA:207,0
DA:217,0
DA:218,0
DA:219,0
DA:222,0
DA:223,0
DA:226,0
DA:227,0
DA:228,0
DA:229,0
DA:231,0
DA:232,0
DA:242,0
DA:243,0
DA:244,0
DA:247,0
DA:248,0
DA:251,0
DA:252,0
DA:253,0
DA:254,0
DA:256,0
DA:257,0
DA:262,0
DA:263,0
DA:264,0
DA:267,0
DA:268,0
DA:270,0
DA:271,0
DA:276,0
DA:277,0
DA:278,0
DA:281,0
DA:282,0
DA:284,0
DA:285,0
DA:295,0
DA:297,0
DA:298,0
DA:301,0
DA:302,0
DA:306,0
DA:307,0
DA:309,0
DA:310,0
DA:313,0
DA:314,0
DA:318,0
DA:319,0
DA:325,0
DA:327,0
DA:328,0
DA:333,0
DA:335,0
DA:336,0
DA:342,0
DA:346,0
DA:348,0
DA:349,0
DA:351,0
DA:353,0
DA:354,0
DA:358,0
LF:158
LH:0
BRDA:27,0,0,0
BRDA:46,1,0,0
BRDA:46,1,1,0
BRDA:46,1,2,0
BRDA:46,1,3,0
BRDA:46,1,4,0
BRDA:46,1,5,0
BRDA:92,2,0,0
BRDA:92,2,1,0
BRDA:105,3,0,0
BRDA:109,4,0,0
BRDA:125,5,0,0
BRDA:139,6,0,0
BRDA:143,7,0,0
BRDA:159,8,0,0
BRDA:173,9,0,0
BRDA:193,10,0,0
BRDA:197,11,0,0
BRDA:218,12,0,0
BRDA:222,13,0,0
BRDA:243,14,0,0
BRDA:247,15,0,0
BRDA:263,16,0,0
BRDA:277,17,0,0
BRDA:297,18,0,0
BRDA:301,19,0,0
BRDA:309,20,0,0
BRDA:313,21,0,0
BRDA:318,22,0,0
BRF:29
BRH:0
end_of_record
TN:
SF:src\router\ParallelConfirmationProcessor.ts
FN:65,(anonymous_0)
FN:97,(anonymous_1)
FN:135,(anonymous_2)
FN:149,(anonymous_3)
FN:162,(anonymous_4)
FN:185,(anonymous_5)
FN:188,(anonymous_6)
FN:189,(anonymous_7)
FN:205,(anonymous_8)
FN:264,(anonymous_9)
FN:289,(anonymous_10)
FN:307,(anonymous_11)
FN:313,(anonymous_12)
FN:320,(anonymous_13)
FN:329,(anonymous_14)
FN:336,(anonymous_15)
FN:355,(anonymous_16)
FN:360,(anonymous_17)
FN:361,(anonymous_18)
FN:362,(anonymous_19)
FN:370,(anonymous_20)
FN:394,(anonymous_21)
FN:402,(anonymous_22)
FNF:23
FNH:0
FNDA:0,(anonymous_0)
FNDA:0,(anonymous_1)
FNDA:0,(anonymous_2)
FNDA:0,(anonymous_3)
FNDA:0,(anonymous_4)
FNDA:0,(anonymous_5)
FNDA:0,(anonymous_6)
FNDA:0,(anonymous_7)
FNDA:0,(anonymous_8)
FNDA:0,(anonymous_9)
FNDA:0,(anonymous_10)
FNDA:0,(anonymous_11)
FNDA:0,(anonymous_12)
FNDA:0,(anonymous_13)
FNDA:0,(anonymous_14)
FNDA:0,(anonymous_15)
FNDA:0,(anonymous_16)
FNDA:0,(anonymous_17)
FNDA:0,(anonymous_18)
FNDA:0,(anonymous_19)
FNDA:0,(anonymous_20)
FNDA:0,(anonymous_21)
FNDA:0,(anonymous_22)
DA:39,0
DA:51,0
DA:52,0
DA:53,0
DA:54,0
DA:57,0
DA:76,0
DA:77,0
DA:78,0
DA:79,0
DA:82,0
DA:83,0
DA:84,0
DA:86,0
DA:102,0
DA:104,0
DA:115,0
DA:117,0
DA:125,0
DA:126,0
DA:129,0
DA:136,0
DA:137,0
DA:140,0
DA:141,0
DA:143,0
DA:144,0
DA:146,0
DA:149,0
DA:152,0
DA:154,0
DA:155,0
DA:163,0
DA:165,0
DA:167,0
DA:168,0
DA:172,0
DA:174,0
DA:175,0
DA:178,0
DA:185,0
DA:188,0
DA:189,0
DA:190,0
DA:195,0
DA:196,0
DA:206,0
DA:209,0
DA:211,0
DA:212,0
DA:220,0
DA:225,0
DA:228,0
DA:236,0
DA:239,0
DA:240,0
DA:242,0
DA:250,0
DA:252,0
DA:261,0
DA:262,0
DA:264,0
DA:265,0
DA:269,0
DA:277,0
DA:278,0
DA:282,0
DA:291,0
DA:293,0
DA:294,0
DA:295,0
DA:296,0
DA:297,0
DA:301,0
DA:308,0
DA:309,0
DA:310,0
DA:312,0
DA:313,0
DA:321,0
DA:322,0
DA:330,0
DA:343,0
DA:360,0
DA:361,0
DA:362,0
DA:364,0
DA:371,0
DA:372,0
DA:374,0
DA:376,0
DA:377,0
DA:378,0
DA:379,0
DA:383,0
DA:388,0
DA:395,0
DA:398,0
DA:399,0
DA:401,0
DA:402,0
DA:405,0
DA:406,0
DA:411,0
LF:104
LH:0
BRDA:70,0,0,0
BRDA:82,1,0,0
BRDA:82,1,1,0
BRDA:83,2,0,0
BRDA:83,2,1,0
BRDA:84,3,0,0
BRDA:84,3,1,0
BRDA:99,4,0,0
BRDA:100,5,0,0
BRDA:125,6,0,0
BRDA:136,7,0,0
BRDA:144,8,0,0
BRDA:144,8,1,0
BRDA:165,9,0,0
BRDA:174,10,0,0
BRDA:261,11,0,0
BRDA:261,11,1,0
BRDA:295,12,0,0
BRDA:312,13,0,0
BRDA:312,13,1,0
BRDA:330,14,0,0
BRDA:330,14,1,0
BRDA:370,15,0,0
BRDA:377,16,0,0
BRDA:401,17,0,0
BRDA:401,17,1,0
BRDA:405,18,0,0
BRF:27
BRH:0
end_of_record
TN:
SF:src\router\Router.ts
FN:78,(anonymous_1)
FN:126,(anonymous_2)
FN:136,(anonymous_3)
FN:147,(anonymous_4)
FN:163,(anonymous_5)
FN:164,(anonymous_6)
FN:165,(anonymous_7)
FN:166,(anonymous_8)
FN:167,(anonymous_9)
FN:168,(anonymous_10)
FN:226,(anonymous_11)
FN:233,(anonymous_12)
FN:241,(anonymous_13)
FN:243,(anonymous_14)
FN:253,(anonymous_15)
FN:293,(anonymous_16)
FN:299,(anonymous_17)
FN:320,(anonymous_18)
FN:345,(anonymous_19)
FN:350,(anonymous_20)
FN:351,(anonymous_21)
FN:368,(anonymous_22)
FN:414,(anonymous_23)
FN:415,(anonymous_24)
FN:429,(anonymous_25)
FN:431,(anonymous_26)
FN:436,(anonymous_27)
FN:441,(anonymous_28)
FN:446,(anonymous_29)
FN:478,(anonymous_30)
FN:489,(anonymous_31)
FN:502,(anonymous_32)
FN:513,(anonymous_33)
FN:551,(anonymous_34)
FN:556,(anonymous_35)
FN:590,(anonymous_36)
FN:608,(anonymous_37)
FN:619,(anonymous_38)
FN:637,(anonymous_39)
FN:649,(anonymous_40)
FN:654,(anonymous_41)
FN:662,(anonymous_42)
FN:679,(anonymous_43)
FN:684,(anonymous_44)
FN:691,(anonymous_45)
FN:764,(anonymous_46)
FN:827,(anonymous_47)
FN:849,(anonymous_48)
FN:857,(anonymous_49)
FN:863,(anonymous_50)
FN:870,(anonymous_51)
FN:914,(anonymous_52)
FN:951,(anonymous_53)
FN:969,(anonymous_54)
FN:978,(anonymous_55)
FN:994,(anonymous_56)
FN:1011,(anonymous_57)
FN:1072,(anonymous_58)
FN:1094,(anonymous_59)
FN:1097,(anonymous_60)
FN:1111,(anonymous_61)
FN:1126,(anonymous_62)
FN:1149,(anonymous_63)
FN:1173,(anonymous_64)
FN:1177,(anonymous_65)
FN:1181,(anonymous_66)
FN:1185,(anonymous_67)
FN:1205,(anonymous_68)
FNF:68
FNH:0
FNDA:0,(anonymous_1)
FNDA:0,(anonymous_2)
FNDA:0,(anonymous_3)
FNDA:0,(anonymous_4)
FNDA:0,(anonymous_5)
FNDA:0,(anonymous_6)
FNDA:0,(anonymous_7)
FNDA:0,(anonymous_8)
FNDA:0,(anonymous_9)
FNDA:0,(anonymous_10)
FNDA:0,(anonymous_11)
FNDA:0,(anonymous_12)
FNDA:0,(anonymous_13)
FNDA:0,(anonymous_14)
FNDA:0,(anonymous_15)
FNDA:0,(anonymous_16)
FNDA:0,(anonymous_17)
FNDA:0,(anonymous_18)
FNDA:0,(anonymous_19)
FNDA:0,(anonymous_20)
FNDA:0,(anonymous_21)
FNDA:0,(anonymous_22)
FNDA:0,(anonymous_23)
FNDA:0,(anonymous_24)
FNDA:0,(anonymous_25)
FNDA:0,(anonymous_26)
FNDA:0,(anonymous_27)
FNDA:0,(anonymous_28)
FNDA:0,(anonymous_29)
FNDA:0,(anonymous_30)
FNDA:0,(anonymous_31)
FNDA:0,(anonymous_32)
FNDA:0,(anonymous_33)
FNDA:0,(anonymous_34)
FNDA:0,(anonymous_35)
FNDA:0,(anonymous_36)
FNDA:0,(anonymous_37)
FNDA:0,(anonymous_38)
FNDA:0,(anonymous_39)
FNDA:0,(anonymous_40)
FNDA:0,(anonymous_41)
FNDA:0,(anonymous_42)
FNDA:0,(anonymous_43)
FNDA:0,(anonymous_44)
FNDA:0,(anonymous_45)
FNDA:0,(anonymous_46)
FNDA:0,(anonymous_47)
FNDA:0,(anonymous_48)
FNDA:0,(anonymous_49)
FNDA:0,(anonymous_50)
FNDA:0,(anonymous_51)
FNDA:0,(anonymous_52)
FNDA:0,(anonymous_53)
FNDA:0,(anonymous_54)
FNDA:0,(anonymous_55)
FNDA:0,(anonymous_56)
FNDA:0,(anonymous_57)
FNDA:0,(anonymous_58)
FNDA:0,(anonymous_59)
FNDA:0,(anonymous_60)
FNDA:0,(anonymous_61)
FNDA:0,(anonymous_62)
FNDA:0,(anonymous_63)
FNDA:0,(anonymous_64)
FNDA:0,(anonymous_65)
FNDA:0,(anonymous_66)
FNDA:0,(anonymous_67)
FNDA:0,(anonymous_68)
DA:1,0
DA:2,0
DA:3,0
DA:4,0
DA:5,0
DA:6,0
DA:9,0
DA:26,0
DA:27,0
DA:28,0
DA:29,0
DA:30,0
DA:31,0
DA:32,0
DA:33,0
DA:34,0
DA:35,0
DA:36,0
DA:37,0
DA:38,0
DA:40,0
DA:42,0
DA:53,0
DA:54,0
DA:55,0
DA:56,0
DA:74,0
DA:75,0
DA:76,0
DA:79,0
DA:80,0
DA:81,0
DA:82,0
DA:83,0
DA:85,0
DA:104,0
DA:110,0
DA:123,0
DA:128,0
DA:129,0
DA:133,0
DA:138,0
DA:141,0
DA:144,0
DA:148,0
DA:150,0
DA:151,0
DA:152,0
DA:153,0
DA:155,0
DA:159,0
DA:160,0
DA:162,0
DA:163,0
DA:164,0
DA:165,0
DA:166,0
DA:173,0
DA:176,0
DA:177,0
DA:180,0
DA:181,0
DA:186,0
DA:188,0
DA:190,0
DA:191,0
DA:193,0
DA:195,0
DA:198,0
DA:204,0
DA:216,0
DA:219,0
DA:221,0
DA:222,0
DA:227,0
DA:228,0
DA:229,0
DA:230,0
DA:233,0
DA:234,0
DA:235,0
DA:238,0
DA:243,0
DA:244,0
DA:253,0
DA:254,0
DA:258,0
DA:259,0
DA:260,0
DA:263,0
DA:264,0
DA:267,0
DA:268,0
DA:269,0
DA:272,0
DA:273,0
DA:276,0
DA:279,0
DA:282,0
DA:283,0
DA:284,0
DA:287,0
DA:288,0
DA:289,0
DA:290,0
DA:294,0
DA:296,0
DA:299,0
DA:300,0
DA:304,0
DA:307,0
DA:309,0
DA:310,0
DA:312,0
DA:313,0
DA:315,0
DA:316,0
DA:321,0
DA:322,0
DA:323,0
DA:326,0
DA:327,0
DA:330,0
DA:331,0
DA:334,0
DA:335,0
DA:337,0
DA:338,0
DA:340,0
DA:341,0
DA:346,0
DA:348,0
DA:350,0
DA:351,0
DA:352,0
DA:353,0
DA:356,0
DA:357,0
DA:358,0
DA:359,0
DA:360,0
DA:364,0
DA:366,0
DA:368,0
DA:371,0
DA:390,0
DA:391,0
DA:394,0
DA:396,0
DA:397,0
DA:400,0
DA:401,0
DA:406,0
DA:407,0
DA:413,0
DA:414,0
DA:415,0
DA:417,0
DA:418,0
DA:421,0
DA:422,0
DA:423,0
DA:425,0
DA:431,0
DA:432,0
DA:436,0
DA:437,0
DA:441,0
DA:442,0
DA:447,0
DA:462,0
DA:463,0
DA:464,0
DA:465,0
DA:467,0
DA:473,0
DA:479,0
DA:480,0
DA:490,0
DA:491,0
DA:492,0
DA:493,0
DA:494,0
DA:495,0
DA:496,0
DA:503,0
DA:504,0
DA:505,0
DA:506,0
DA:508,0
DA:509,0
DA:514,0
DA:516,0
DA:517,0
DA:518,0
DA:521,0
DA:522,0
DA:523,0
DA:524,0
DA:525,0
DA:529,0
DA:530,0
DA:531,0
DA:532,0
DA:533,0
DA:537,0
DA:538,0
DA:540,0
DA:543,0
DA:544,0
DA:545,0
DA:547,0
DA:552,0
DA:553,0
DA:557,0
DA:558,0
DA:559,0
DA:562,0
DA:576,0
DA:577,0
DA:579,0
DA:585,0
DA:586,0
DA:591,0
DA:592,0
DA:593,0
DA:594,0
DA:596,0
DA:597,0
DA:598,0
DA:601,0
DA:603,0
DA:604,0
DA:609,0
DA:610,0
DA:611,0
DA:612,0
DA:614,0
DA:615,0
DA:620,0
DA:621,0
DA:622,0
DA:623,0
DA:625,0
DA:626,0
DA:627,0
DA:630,0
DA:632,0
DA:633,0
DA:638,0
DA:639,0
DA:640,0
DA:641,0
DA:642,0
DA:644,0
DA:645,0
DA:650,0
DA:651,0
DA:655,0
DA:663,0
DA:664,0
DA:665,0
DA:666,0
DA:668,0
DA:669,0
DA:670,0
DA:672,0
DA:673,0
DA:674,0
DA:680,0
DA:685,0
DA:687,0
DA:688,0
DA:689,0
DA:691,0
DA:693,0
DA:694,0
DA:697,0
DA:700,0
DA:701,0
DA:702,0
DA:705,0
DA:718,0
DA:721,0
DA:724,0
DA:725,0
DA:726,0
DA:727,0
DA:728,0
DA:729,0
DA:730,0
DA:734,0
DA:735,0
DA:738,0
DA:744,0
DA:745,0
DA:748,0
DA:750,0
DA:751,0
DA:752,0
DA:756,0
DA:757,0
DA:758,0
DA:760,0
DA:765,0
DA:766,0
DA:770,0
DA:771,0
DA:773,0
DA:775,0
DA:783,0
DA:792,0
DA:793,0
DA:796,0
DA:798,0
DA:801,0
DA:806,0
DA:812,0
DA:816,0
DA:819,0
DA:821,0
DA:822,0
DA:823,0
DA:829,0
DA:830,0
DA:831,0
DA:834,0
DA:836,0
DA:837,0
DA:839,0
DA:840,0
DA:842,0
DA:843,0
DA:845,0
DA:850,0
DA:851,0
DA:852,0
DA:853,0
DA:859,0
DA:865,0
DA:876,0
DA:878,0
DA:879,0
DA:887,0
DA:888,0
DA:891,0
DA:900,0
DA:902,0
DA:910,0
DA:911,0
DA:920,0
DA:921,0
DA:923,0
DA:924,0
DA:931,0
DA:944,0
DA:948,0
DA:951,0
DA:954,0
DA:961,0
DA:971,0
DA:972,0
DA:980,0
DA:981,0
DA:985,0
DA:986,0
DA:990,0
DA:995,0
DA:996,0
DA:997,0
DA:999,0
DA:1000,0
DA:1001,0
DA:1004,0
DA:1006,0
DA:1007,0
DA:1012,0
DA:1013,0
DA:1019,0
DA:1022,0
DA:1024,0
DA:1025,0
DA:1030,0
DA:1033,0
DA:1034,0
DA:1040,0
DA:1044,0
DA:1056,0
DA:1058,0
DA:1067,0
DA:1068,0
DA:1073,0
DA:1074,0
DA:1075,0
DA:1076,0
DA:1078,0
DA:1079,0
DA:1080,0
DA:1083,0
DA:1089,0
DA:1090,0
DA:1095,0
DA:1096,0
DA:1097,0
DA:1099,0
DA:1105,0
DA:1106,0
DA:1112,0
DA:1113,0
DA:1114,0
DA:1115,0
DA:1118,0
DA:1119,0
DA:1121,0
DA:1122,0
DA:1127,0
DA:1128,0
DA:1130,0
DA:1131,0
DA:1132,0
DA:1135,0
DA:1137,0
DA:1138,0
DA:1139,0
DA:1142,0
DA:1144,0
DA:1145,0
DA:1150,0
DA:1151,0
DA:1153,0
DA:1154,0
DA:1155,0
DA:1158,0
DA:1160,0
DA:1161,0
DA:1162,0
DA:1165,0
DA:1167,0
DA:1168,0
DA:1174,0
DA:1178,0
DA:1182,0
DA:1186,0
DA:1187,0
DA:1196,0
DA:1206,0
DA:1208,0
DA:1210,0
DA:1213,0
DA:1216,0
DA:1219,0
DA:1222,0
DA:1223,0
DA:1226,0
DA:1228,0
DA:1229,0
LF:456
LH:0
BRDA:81,0,0,0
BRDA:81,0,1,0
BRDA:128,1,0,0
BRDA:128,2,0,0
BRDA:128,2,1,0
BRDA:141,3,0,0
BRDA:141,3,1,0
BRDA:326,4,0,0
BRDA:330,5,0,0
BRDA:357,6,0,0
BRDA:357,7,0,0
BRDA:357,7,1,0
BRDA:368,8,0,0
BRDA:368,8,1,0
BRDA:373,9,0,0
BRDA:373,9,1,0
BRDA:374,10,0,0
BRDA:374,10,1,0
BRDA:376,11,0,0
BRDA:376,11,1,0
BRDA:379,12,0,0
BRDA:379,12,1,0
BRDA:380,13,0,0
BRDA:380,13,1,0
BRDA:384,14,0,0
BRDA:384,14,1,0
BRDA:400,15,0,0
BRDA:413,16,0,0
BRDA:413,16,1,0
BRDA:493,17,0,0
BRDA:493,18,0,0
BRDA:493,18,1,0
BRDA:522,19,0,0
BRDA:530,20,0,0
BRDA:596,21,0,0
BRDA:625,22,0,0
BRDA:668,23,0,0
BRDA:668,23,1,0
BRDA:688,24,0,0
BRDA:693,25,0,0
BRDA:693,26,0,0
BRDA:693,26,1,0
BRDA:701,27,0,0
BRDA:701,28,0,0
BRDA:701,28,1,0
BRDA:713,29,0,0
BRDA:713,29,1,0
BRDA:725,30,0,0
BRDA:773,31,0,0
BRDA:773,31,1,0
BRDA:796,32,0,0
BRDA:796,32,1,0
BRDA:830,33,0,0
BRDA:834,34,0,0
BRDA:834,34,1,0
BRDA:834,34,2,0
BRDA:834,34,3,0
BRDA:851,35,0,0
BRDA:878,36,0,0
BRDA:887,37,0,0
BRDA:923,38,0,0
BRDA:980,39,0,0
BRDA:985,40,0,0
BRDA:999,41,0,0
BRDA:1024,42,0,0
BRDA:1033,43,0,0
BRDA:1078,44,0,0
BRDA:1078,45,0,0
BRDA:1078,45,1,0
BRDA:1086,46,0,0
BRDA:1086,46,1,0
BRDA:1102,47,0,0
BRDA:1102,47,1,0
BRDA:1113,48,0,0
BRDA:1130,49,0,0
BRDA:1137,50,0,0
BRDA:1153,51,0,0
BRDA:1160,52,0,0
BRDA:1178,53,0,0
BRDA:1178,53,1,0
BRDA:1222,54,0,0
BRF:81
BRH:0
end_of_record
TN:
SF:src\router\RoutingEngine.ts
FN:18,(anonymous_0)
FN:23,(anonymous_1)
FN:34,(anonymous_2)
FN:103,(anonymous_3)
FN:124,(anonymous_4)
FN:137,(anonymous_5)
FN:165,(anonymous_6)
FN:169,(anonymous_7)
FN:199,(anonymous_8)
FN:211,(anonymous_9)
FN:255,(anonymous_10)
FN:281,(anonymous_11)
FN:293,(anonymous_12)
FN:302,(anonymous_13)
FN:308,(anonymous_14)
FN:319,(anonymous_15)
FN:320,(anonymous_16)
FNF:17
FNH:0
FNDA:0,(anonymous_0)
FNDA:0,(anonymous_1)
FNDA:0,(anonymous_2)
FNDA:0,(anonymous_3)
FNDA:0,(anonymous_4)
FNDA:0,(anonymous_5)
FNDA:0,(anonymous_6)
FNDA:0,(anonymous_7)
FNDA:0,(anonymous_8)
FNDA:0,(anonymous_9)
FNDA:0,(anonymous_10)
FNDA:0,(anonymous_11)
FNDA:0,(anonymous_12)
FNDA:0,(anonymous_13)
FNDA:0,(anonymous_14)
FNDA:0,(anonymous_15)
FNDA:0,(anonymous_16)
DA:11,0
DA:14,0
DA:15,0
DA:16,0
DA:19,0
DA:20,0
DA:24,0
DA:26,0
DA:27,0
DA:29,0
DA:30,0
DA:39,0
DA:41,0
DA:44,0
DA:46,0
DA:55,0
DA:56,0
DA:59,0
DA:66,0
DA:75,0
DA:76,0
DA:86,0
DA:95,0
DA:96,0
DA:98,0
DA:99,0
DA:109,0
DA:111,0
DA:112,0
DA:116,0
DA:117,0
DA:121,0
DA:126,0
DA:134,0
DA:143,0
DA:144,0
DA:152,0
DA:153,0
DA:156,0
DA:158,0
DA:160,0
DA:161,0
DA:166,0
DA:170,0
DA:174,0
DA:175,0
DA:177,0
DA:183,0
DA:192,0
DA:194,0
DA:195,0
DA:200,0
DA:208,0
DA:216,0
DA:218,0
DA:221,0
DA:222,0
DA:224,0
DA:226,0
DA:228,0
DA:229,0
DA:230,0
DA:233,0
DA:234,0
DA:235,0
DA:238,0
DA:239,0
DA:240,0
DA:244,0
DA:250,0
DA:251,0
DA:256,0
DA:258,0
DA:259,0
DA:260,0
DA:263,0
DA:264,0
DA:265,0
DA:268,0
DA:269,0
DA:270,0
DA:274,0
DA:276,0
DA:277,0
DA:282,0
DA:283,0
DA:284,0
DA:285,0
DA:286,0
DA:289,0
DA:294,0
DA:295,0
DA:296,0
DA:298,0
DA:303,0
DA:304,0
DA:305,0
DA:313,0
DA:315,0
DA:316,0
DA:319,0
DA:320,0
DA:322,0
LF:103
LH:0
BRDA:44,0,0,0
BRDA:44,0,1,0
BRDA:87,1,0,0
BRDA:87,1,1,0
BRDA:112,2,0,0
BRDA:113,3,0,0
BRDA:113,3,1,0
BRDA:134,4,0,0
BRDA:134,4,1,0
BRDA:208,5,0,0
BRDA:208,5,1,0
BRDA:226,6,0,0
BRDA:226,6,1,0
BRDA:226,6,2,0
BRDA:226,6,3,0
BRDA:226,6,4,0
BRDA:263,7,0,0
BRDA:263,8,0,0
BRDA:263,8,1,0
BRDA:268,9,0,0
BRDA:268,10,0,0
BRDA:268,10,1,0
BRDA:284,11,0,0
BRDA:315,12,0,0
BRF:24
BRH:0
end_of_record
TN:
SF:src\router\index.ts
FN:1,(anonymous_0)
FN:2,(anonymous_1)
FN:3,(anonymous_2)
FNF:3
FNH:0
FNDA:0,(anonymous_0)
FNDA:0,(anonymous_1)
FNDA:0,(anonymous_2)
DA:1,0
DA:2,0
DA:3,0
LF:3
LH:0
BRF:0
BRH:0
end_of_record
TN:
SF:src\types\index.ts
FN:44,(anonymous_0)
FN:65,(anonymous_1)
FN:137,(anonymous_2)
FN:165,(anonymous_3)
FN:203,(anonymous_4)
FN:225,(anonymous_5)
FNF:6
FNH:0
FNDA:0,(anonymous_0)
FNDA:0,(anonymous_1)
FNDA:0,(anonymous_2)
FNDA:0,(anonymous_3)
FNDA:0,(anonymous_4)
FNDA:0,(anonymous_5)
DA:44,0
DA:45,0
DA:46,0
DA:47,0
DA:48,0
DA:65,0
DA:66,0
DA:67,0
DA:68,0
DA:69,0
DA:70,0
DA:71,0
DA:137,0
DA:138,0
DA:139,0
DA:140,0
DA:165,0
DA:166,0
DA:167,0
DA:168,0
DA:169,0
DA:170,0
DA:171,0
DA:203,0
DA:204,0
DA:205,0
DA:206,0
DA:207,0
DA:208,0
DA:225,0
DA:226,0
DA:227,0
DA:228,0
LF:33
LH:0
BRDA:44,0,0,0
BRDA:44,0,1,0
BRDA:65,1,0,0
BRDA:65,1,1,0
BRDA:137,2,0,0
BRDA:137,2,1,0
BRDA:165,3,0,0
BRDA:165,3,1,0
BRDA:203,4,0,0
BRDA:203,4,1,0
BRDA:225,5,0,0
BRDA:225,5,1,0
BRF:12
BRH:0
end_of_record
TN:
SF:src\utils\asyncQueue.ts
FN:7,(anonymous_0)
FN:68,(anonymous_1)
FN:91,(anonymous_2)
FN:95,(anonymous_3)
FN:122,(anonymous_4)
FN:136,(anonymous_5)
FN:145,(anonymous_6)
FN:174,(anonymous_7)
FN:193,(anonymous_8)
FN:201,(anonymous_9)
FN:210,(anonymous_10)
FN:214,(anonymous_11)
FN:224,(anonymous_12)
FN:234,(anonymous_13)
FN:241,(anonymous_14)
FN:248,(anonymous_15)
FN:250,(anonymous_16)
FN:254,(anonymous_17)
FN:255,(anonymous_18)
FN:265,(anonymous_19)
FN:269,(anonymous_20)
FN:270,(anonymous_21)
FN:271,(anonymous_22)
FN:278,(anonymous_23)
FN:282,(anonymous_24)
FN:287,(anonymous_25)
FN:292,(anonymous_26)
FN:313,(anonymous_27)
FN:328,(anonymous_28)
FN:344,(anonymous_29)
FN:360,(anonymous_30)
FN:391,(anonymous_32)
FN:403,(anonymous_33)
FN:413,(anonymous_34)
FN:423,(anonymous_35)
FN:432,(anonymous_36)
FN:440,(anonymous_37)
FN:441,(anonymous_38)
FN:449,(anonymous_39)
FNF:39
FNH:0
FNDA:0,(anonymous_0)
FNDA:0,(anonymous_1)
FNDA:0,(anonymous_2)
FNDA:0,(anonymous_3)
FNDA:0,(anonymous_4)
FNDA:0,(anonymous_5)
FNDA:0,(anonymous_6)
FNDA:0,(anonymous_7)
FNDA:0,(anonymous_8)
FNDA:0,(anonymous_9)
FNDA:0,(anonymous_10)
FNDA:0,(anonymous_11)
FNDA:0,(anonymous_12)
FNDA:0,(anonymous_13)
FNDA:0,(anonymous_14)
FNDA:0,(anonymous_15)
FNDA:0,(anonymous_16)
FNDA:0,(anonymous_17)
FNDA:0,(anonymous_18)
FNDA:0,(anonymous_19)
FNDA:0,(anonymous_20)
FNDA:0,(anonymous_21)
FNDA:0,(anonymous_22)
FNDA:0,(anonymous_23)
FNDA:0,(anonymous_24)
FNDA:0,(anonymous_25)
FNDA:0,(anonymous_26)
FNDA:0,(anonymous_27)
FNDA:0,(anonymous_28)
FNDA:0,(anonymous_29)
FNDA:0,(anonymous_30)
FNDA:0,(anonymous_32)
FNDA:0,(anonymous_33)
FNDA:0,(anonymous_34)
FNDA:0,(anonymous_35)
FNDA:0,(anonymous_36)
FNDA:0,(anonymous_37)
FNDA:0,(anonymous_38)
FNDA:0,(anonymous_39)
DA:2,0
DA:7,0
DA:8,0
DA:9,0
DA:10,0
DA:11,0
DA:59,0
DA:60,0
DA:61,0
DA:66,0
DA:69,0
DA:70,0
DA:77,0
DA:78,0
DA:79,0
DA:95,0
DA:96,0
DA:109,0
DA:110,0
DA:111,0
DA:112,0
DA:114,0
DA:115,0
DA:123,0
DA:124,0
DA:127,0
DA:128,0
DA:130,0
DA:131,0
DA:133,0
DA:134,0
DA:136,0
DA:137,0
DA:138,0
DA:146,0
DA:148,0
DA:149,0
DA:152,0
DA:153,0
DA:155,0
DA:158,0
DA:159,0
DA:161,0
DA:162,0
DA:163,0
DA:166,0
DA:167,0
DA:169,0
DA:170,0
DA:171,0
DA:174,0
DA:175,0
DA:176,0
DA:177,0
DA:180,0
DA:183,0
DA:184,0
DA:185,0
DA:186,0
DA:194,0
DA:195,0
DA:202,0
DA:203,0
DA:204,0
DA:211,0
DA:212,0
DA:214,0
DA:215,0
DA:218,0
DA:225,0
DA:235,0
DA:242,0
DA:249,0
DA:250,0
DA:255,0
DA:257,0
DA:258,0
DA:261,0
DA:266,0
DA:270,0
DA:271,0
DA:272,0
DA:275,0
DA:278,0
DA:284,0
DA:293,0
DA:294,0
DA:295,0
DA:297,0
DA:306,0
DA:314,0
DA:317,0
DA:318,0
DA:319,0
DA:320,0
DA:322,0
DA:333,0
DA:349,0
DA:365,0
DA:380,0
DA:392,0
DA:404,0
DA:405,0
DA:406,0
DA:407,0
DA:414,0
DA:415,0
DA:416,0
DA:417,0
DA:424,0
DA:433,0
DA:440,0
DA:441,0
DA:442,0
DA:449,0
DA:450,0
LF:116
LH:0
BRDA:7,0,0,0
BRDA:7,0,1,0
BRDA:68,1,0,0
BRDA:77,2,0,0
BRDA:77,2,1,0
BRDA:93,3,0,0
BRDA:101,4,0,0
BRDA:101,4,1,0
BRDA:103,5,0,0
BRDA:103,5,1,0
BRDA:104,6,0,0
BRDA:104,6,1,0
BRDA:106,7,0,0
BRDA:106,7,1,0
BRDA:123,8,0,0
BRDA:123,9,0,0
BRDA:123,9,1,0
BRDA:123,9,2,0
BRDA:152,10,0,0
BRDA:152,10,1,0
BRDA:169,11,0,0
BRDA:242,12,0,0
BRDA:242,12,1,0
BRDA:257,13,0,0
BRDA:294,14,0,0
BRDA:294,14,1,0
BRDA:330,15,0,0
BRDA:335,16,0,0
BRDA:335,16,1,0
BRDA:346,17,0,0
BRDA:351,18,0,0
BRDA:351,18,1,0
BRDA:362,19,0,0
BRDA:367,20,0,0
BRDA:367,20,1,0
BRDA:378,21,0,0
BRF:36
BRH:0
end_of_record
TN:
SF:src\utils\batcher.ts
FN:15,(anonymous_0)
FN:38,(anonymous_1)
FN:39,(anonymous_2)
FN:61,(anonymous_3)
FN:69,(anonymous_4)
FN:73,(anonymous_5)
FN:78,(anonymous_6)
FN:83,(anonymous_7)
FN:98,(anonymous_8)
FN:102,(anonymous_9)
FN:106,(anonymous_10)
FN:123,(anonymous_11)
FN:129,(anonymous_12)
FN:145,(anonymous_13)
FN:149,(anonymous_14)
FN:154,(anonymous_15)
FN:169,(anonymous_16)
FN:192,(anonymous_17)
FN:194,(anonymous_18)
FN:207,(anonymous_19)
FN:209,(anonymous_20)
FN:219,(anonymous_21)
FN:229,(anonymous_22)
FN:239,(anonymous_23)
FN:241,(anonymous_24)
FN:262,(anonymous_25)
FN:265,(anonymous_26)
FN:269,(anonymous_27)
FNF:28
FNH:0
FNDA:0,(anonymous_0)
FNDA:0,(anonymous_1)
FNDA:0,(anonymous_2)
FNDA:0,(anonymous_3)
FNDA:0,(anonymous_4)
FNDA:0,(anonymous_5)
FNDA:0,(anonymous_6)
FNDA:0,(anonymous_7)
FNDA:0,(anonymous_8)
FNDA:0,(anonymous_9)
FNDA:0,(anonymous_10)
FNDA:0,(anonymous_11)
FNDA:0,(anonymous_12)
FNDA:0,(anonymous_13)
FNDA:0,(anonymous_14)
FNDA:0,(anonymous_15)
FNDA:0,(anonymous_16)
FNDA:0,(anonymous_17)
FNDA:0,(anonymous_18)
FNDA:0,(anonymous_19)
FNDA:0,(anonymous_20)
FNDA:0,(anonymous_21)
FNDA:0,(anonymous_22)
FNDA:0,(anonymous_23)
FNDA:0,(anonymous_24)
FNDA:0,(anonymous_25)
FNDA:0,(anonymous_26)
FNDA:0,(anonymous_27)
DA:2,0
DA:7,0
DA:8,0
DA:20,0
DA:21,0
DA:22,0
DA:28,0
DA:29,0
DA:39,0
DA:40,0
DA:48,0
DA:49,0
DA:52,0
DA:55,0
DA:56,0
DA:62,0
DA:63,0
DA:64,0
DA:66,0
DA:70,0
DA:74,0
DA:75,0
DA:78,0
DA:79,0
DA:84,0
DA:85,0
DA:86,0
DA:89,0
DA:90,0
DA:94,0
DA:95,0
DA:97,0
DA:98,0
DA:100,0
DA:102,0
DA:103,0
DA:106,0
DA:107,0
DA:108,0
DA:110,0
DA:115,0
DA:116,0
DA:119,0
DA:120,0
DA:123,0
DA:124,0
DA:130,0
DA:131,0
DA:133,0
DA:141,0
DA:142,0
DA:146,0
DA:150,0
DA:152,0
DA:153,0
DA:154,0
DA:162,0
DA:165,0
DA:166,0
DA:170,0
DA:172,0
DA:180,0
DA:181,0
DA:184,0
DA:185,0
DA:187,0
DA:188,0
DA:193,0
DA:194,0
DA:195,0
DA:197,0
DA:204,0
DA:208,0
DA:209,0
DA:220,0
DA:226,0
DA:230,0
DA:236,0
DA:241,0
DA:242,0
DA:244,0
DA:245,0
DA:251,0
DA:259,0
DA:265,0
DA:266,0
DA:270,0
LF:87
LH:0
BRDA:17,0,0,0
BRDA:55,1,0,0
BRDA:55,2,0,0
BRDA:55,2,1,0
BRDA:62,3,0,0
BRDA:74,4,0,0
BRDA:74,5,0,0
BRDA:74,5,1,0
BRDA:84,6,0,0
BRDA:89,7,0,0
BRDA:107,8,0,0
BRDA:107,8,1,0
BRDA:152,9,0,0
BRDA:180,10,0,0
BRDA:185,11,0,0
BRDA:185,11,1,0
BRDA:247,12,0,0
BRDA:247,12,1,0
BRDA:266,13,0,0
BRDA:266,13,1,0
BRF:20
BRH:0
end_of_record
TN:
SF:src\utils\cache.ts
FN:16,(anonymous_0)
FN:34,(anonymous_1)
FN:63,(anonymous_2)
FN:81,(anonymous_3)
FN:84,(anonymous_4)
FN:96,(anonymous_5)
FN:109,(anonymous_6)
FN:114,(anonymous_7)
FN:130,(anonymous_8)
FN:132,(anonymous_9)
FN:137,(anonymous_10)
FN:145,(anonymous_11)
FN:158,(anonymous_12)
FN:163,(anonymous_13)
FN:168,(anonymous_14)
FN:173,(anonymous_15)
FN:178,(anonymous_16)
FN:183,(anonymous_17)
FN:188,(anonymous_18)
FN:192,(anonymous_19)
FNF:20
FNH:0
FNDA:0,(anonymous_0)
FNDA:0,(anonymous_1)
FNDA:0,(anonymous_2)
FNDA:0,(anonymous_3)
FNDA:0,(anonymous_4)
FNDA:0,(anonymous_5)
FNDA:0,(anonymous_6)
FNDA:0,(anonymous_7)
FNDA:0,(anonymous_8)
FNDA:0,(anonymous_9)
FNDA:0,(anonymous_10)
FNDA:0,(anonymous_11)
FNDA:0,(anonymous_12)
FNDA:0,(anonymous_13)
FNDA:0,(anonymous_14)
FNDA:0,(anonymous_15)
FNDA:0,(anonymous_16)
FNDA:0,(anonymous_17)
FNDA:0,(anonymous_18)
FNDA:0,(anonymous_19)
DA:7,0
DA:8,0
DA:9,0
DA:21,0
DA:22,0
DA:23,0
DA:24,0
DA:25,0
DA:36,0
DA:37,0
DA:38,0
DA:39,0
DA:40,0
DA:44,0
DA:45,0
DA:46,0
DA:47,0
DA:48,0
DA:50,0
DA:51,0
DA:52,0
DA:55,0
DA:59,0
DA:60,0
DA:64,0
DA:67,0
DA:70,0
DA:71,0
DA:72,0
DA:74,0
DA:78,0
DA:83,0
DA:84,0
DA:87,0
DA:88,0
DA:89,0
DA:91,0
DA:97,0
DA:98,0
DA:100,0
DA:101,0
DA:102,0
DA:104,0
DA:110,0
DA:111,0
DA:116,0
DA:117,0
DA:120,0
DA:126,0
DA:127,0
DA:132,0
DA:134,0
DA:138,0
DA:139,0
DA:140,0
DA:141,0
DA:146,0
DA:153,0
DA:154,0
DA:155,0
DA:156,0
DA:159,0
DA:160,0
DA:164,0
DA:165,0
DA:169,0
DA:170,0
DA:174,0
DA:175,0
DA:179,0
DA:180,0
DA:184,0
DA:185,0
DA:189,0
DA:193,0
LF:75
LH:0
BRDA:19,0,0,0
BRDA:23,1,0,0
BRDA:23,1,1,0
BRDA:24,2,0,0
BRDA:24,2,1,0
BRDA:37,3,0,0
BRDA:37,4,0,0
BRDA:37,4,1,0
BRDA:44,5,0,0
BRDA:47,6,0,0
BRDA:64,7,0,0
BRDA:64,7,1,0
BRDA:70,8,0,0
BRDA:87,9,0,0
BRDA:100,10,0,0
BRDA:116,11,0,0
BRDA:116,12,0,0
BRDA:116,12,1,0
BRDA:138,13,0,0
BRDA:163,14,0,0
BRDA:173,15,0,0
BRDA:183,16,0,0
BRDA:188,17,0,0
BRF:23
BRH:0
end_of_record
TN:
SF:src\utils\connectionPool.ts
FN:18,(anonymous_0)
FN:51,(anonymous_1)
FN:52,(anonymous_2)
FN:53,(anonymous_3)
FN:58,(anonymous_4)
FN:61,(anonymous_5)
FN:77,(anonymous_6)
FN:90,(anonymous_7)
FN:99,(anonymous_8)
FN:109,(anonymous_9)
FN:110,(anonymous_10)
FN:130,(anonymous_11)
FN:137,(anonymous_12)
FN:151,(anonymous_13)
FN:152,(anonymous_14)
FN:153,(anonymous_15)
FN:164,(anonymous_16)
FN:173,(anonymous_17)
FN:178,(anonymous_18)
FN:187,(anonymous_19)
FN:195,(anonymous_20)
FN:196,(anonymous_21)
FN:201,(anonymous_22)
FN:247,(anonymous_23)
FN:251,(anonymous_24)
FN:254,(anonymous_25)
FN:255,(anonymous_26)
FN:256,(anonymous_27)
FN:270,(anonymous_28)
FN:272,(anonymous_29)
FN:277,(anonymous_30)
FN:281,(anonymous_31)
FN:294,(anonymous_32)
FN:306,(anonymous_33)
FN:311,(anonymous_34)
FN:320,(anonymous_35)
FN:325,(anonymous_36)
FNF:37
FNH:0
FNDA:0,(anonymous_0)
FNDA:0,(anonymous_1)
FNDA:0,(anonymous_2)
FNDA:0,(anonymous_3)
FNDA:0,(anonymous_4)
FNDA:0,(anonymous_5)
FNDA:0,(anonymous_6)
FNDA:0,(anonymous_7)
FNDA:0,(anonymous_8)
FNDA:0,(anonymous_9)
FNDA:0,(anonymous_10)
FNDA:0,(anonymous_11)
FNDA:0,(anonymous_12)
FNDA:0,(anonymous_13)
FNDA:0,(anonymous_14)
FNDA:0,(anonymous_15)
FNDA:0,(anonymous_16)
FNDA:0,(anonymous_17)
FNDA:0,(anonymous_18)
FNDA:0,(anonymous_19)
FNDA:0,(anonymous_20)
FNDA:0,(anonymous_21)
FNDA:0,(anonymous_22)
FNDA:0,(anonymous_23)
FNDA:0,(anonymous_24)
FNDA:0,(anonymous_25)
FNDA:0,(anonymous_26)
FNDA:0,(anonymous_27)
FNDA:0,(anonymous_28)
FNDA:0,(anonymous_29)
FNDA:0,(anonymous_30)
FNDA:0,(anonymous_31)
FNDA:0,(anonymous_32)
FNDA:0,(anonymous_33)
FNDA:0,(anonymous_34)
FNDA:0,(anonymous_35)
FNDA:0,(anonymous_36)
DA:2,0
DA:7,0
DA:8,0
DA:9,0
DA:25,0
DA:26,0
DA:27,0
DA:28,0
DA:29,0
DA:37,0
DA:38,0
DA:47,0
DA:48,0
DA:52,0
DA:53,0
DA:54,0
DA:55,0
DA:58,0
DA:60,0
DA:61,0
DA:64,0
DA:65,0
DA:66,0
DA:67,0
DA:68,0
DA:69,0
DA:70,0
DA:71,0
DA:75,0
DA:76,0
DA:78,0
DA:84,0
DA:85,0
DA:86,0
DA:87,0
DA:88,0
DA:91,0
DA:92,0
DA:93,0
DA:95,0
DA:99,0
DA:100,0
DA:101,0
DA:105,0
DA:110,0
DA:111,0
DA:112,0
DA:113,0
DA:116,0
DA:117,0
DA:118,0
DA:121,0
DA:122,0
DA:123,0
DA:124,0
DA:125,0
DA:126,0
DA:131,0
DA:132,0
DA:136,0
DA:138,0
DA:139,0
DA:140,0
DA:142,0
DA:147,0
DA:148,0
DA:152,0
DA:153,0
DA:154,0
DA:156,0
DA:165,0
DA:166,0
DA:168,0
DA:169,0
DA:174,0
DA:175,0
DA:176,0
DA:177,0
DA:179,0
DA:185,0
DA:186,0
DA:188,0
DA:192,0
DA:196,0
DA:197,0
DA:202,0
DA:203,0
DA:204,0
DA:205,0
DA:208,0
DA:209,0
DA:212,0
DA:215,0
DA:216,0
DA:217,0
DA:219,0
DA:220,0
DA:221,0
DA:226,0
DA:227,0
DA:228,0
DA:229,0
DA:231,0
DA:236,0
DA:243,0
DA:244,0
DA:248,0
DA:252,0
DA:253,0
DA:254,0
DA:255,0
DA:256,0
DA:265,0
DA:267,0
DA:271,0
DA:272,0
DA:274,0
DA:278,0
DA:282,0
DA:287,0
DA:288,0
DA:291,0
DA:296,0
DA:297,0
DA:298,0
DA:299,0
DA:307,0
DA:308,0
DA:313,0
DA:322,0
LF:130
LH:0
BRDA:61,0,0,0
BRDA:61,0,1,0
BRDA:64,1,0,0
BRDA:75,2,0,0
BRDA:75,3,0,0
BRDA:75,3,1,0
BRDA:111,4,0,0
BRDA:121,5,0,0
BRDA:131,6,0,0
BRDA:175,7,0,0
BRDA:175,7,1,0
BRDA:204,8,0,0
BRDA:204,8,1,0
BRDA:205,9,0,0
BRDA:205,9,1,0
BRDA:212,10,0,0
BRDA:219,11,0,0
BRDA:219,12,0,0
BRDA:219,12,1,0
BRDA:219,12,2,0
BRDA:252,13,0,0
BRDA:322,14,0,0
BRDA:322,14,1,0
BRF:23
BRH:0
end_of_record
TN:
SF:src\utils\crypto.ts
FN:12,(anonymous_6)
FN:28,(anonymous_7)
FN:44,(anonymous_8)
FN:80,(anonymous_9)
FN:97,(anonymous_10)
FN:115,(anonymous_11)
FN:119,(anonymous_12)
FN:123,(anonymous_13)
FN:127,(anonymous_14)
FN:142,(anonymous_15)
FN:153,(anonymous_16)
FN:157,(anonymous_17)
FN:162,(anonymous_18)
FN:167,(anonymous_19)
FN:172,(anonymous_20)
FN:178,(anonymous_21)
FN:183,(anonymous_22)
FN:188,(anonymous_23)
FNF:18
FNH:0
FNDA:0,(anonymous_6)
FNDA:0,(anonymous_7)
FNDA:0,(anonymous_8)
FNDA:0,(anonymous_9)
FNDA:0,(anonymous_10)
FNDA:0,(anonymous_11)
FNDA:0,(anonymous_12)
FNDA:0,(anonymous_13)
FNDA:0,(anonymous_14)
FNDA:0,(anonymous_15)
FNDA:0,(anonymous_16)
FNDA:0,(anonymous_17)
FNDA:0,(anonymous_18)
FNDA:0,(anonymous_19)
FNDA:0,(anonymous_20)
FNDA:0,(anonymous_21)
FNDA:0,(anonymous_22)
FNDA:0,(anonymous_23)
DA:1,0
DA:4,0
DA:6,0
DA:13,0
DA:14,0
DA:15,0
DA:17,0
DA:18,0
DA:20,0
DA:22,0
DA:23,0
DA:24,0
DA:29,0
DA:41,0
DA:46,0
DA:47,0
DA:58,0
DA:60,0
DA:67,0
DA:72,0
DA:75,0
DA:76,0
DA:81,0
DA:82,0
DA:83,0
DA:84,0
DA:86,0
DA:87,0
DA:89,0
DA:92,0
DA:93,0
DA:98,0
DA:99,0
DA:100,0
DA:101,0
DA:102,0
DA:104,0
DA:106,0
DA:110,0
DA:111,0
DA:116,0
DA:120,0
DA:124,0
DA:128,0
DA:129,0
DA:130,0
DA:132,0
DA:133,0
DA:134,0
DA:136,0
DA:143,0
DA:144,0
DA:146,0
DA:147,0
DA:148,0
DA:150,0
DA:154,0
DA:158,0
DA:163,0
DA:168,0
DA:173,0
DA:174,0
DA:179,0
DA:184,0
DA:189,0
LF:65
LH:0
BRDA:14,0,0,0
BRDA:17,1,0,0
BRDA:17,1,1,0
BRDA:46,2,0,0
BRDA:46,3,0,0
BRDA:46,3,1,0
BRDA:99,4,0,0
BRDA:99,4,1,0
BRDA:115,5,0,0
BRDA:129,6,0,0
BRDA:129,6,1,0
BRDA:178,7,0,0
BRDA:183,8,0,0
BRF:13
BRH:0
end_of_record
TN:
SF:src\utils\errors.ts
FN:11,(anonymous_0)
FN:26,(anonymous_1)
FN:42,(anonymous_2)
FN:51,(anonymous_3)
FN:60,(anonymous_4)
FN:69,(anonymous_5)
FN:78,(anonymous_6)
FN:87,(anonymous_7)
FN:96,(anonymous_8)
FN:107,(anonymous_9)
FN:114,(anonymous_10)
FN:133,(anonymous_11)
FN:167,(anonymous_12)
FN:183,createError
FNF:14
FNH:0
FNDA:0,(anonymous_0)
FNDA:0,(anonymous_1)
FNDA:0,(anonymous_2)
FNDA:0,(anonymous_3)
FNDA:0,(anonymous_4)
FNDA:0,(anonymous_5)
FNDA:0,(anonymous_6)
FNDA:0,(anonymous_7)
FNDA:0,(anonymous_8)
FNDA:0,(anonymous_9)
FNDA:0,(anonymous_10)
FNDA:0,(anonymous_11)
FNDA:0,(anonymous_12)
FNDA:0,createError
DA:6,0
DA:16,0
DA:17,0
DA:18,0
DA:19,0
DA:20,0
DA:23,0
DA:27,0
DA:41,0
DA:43,0
DA:50,0
DA:52,0
DA:59,0
DA:61,0
DA:68,0
DA:70,0
DA:77,0
DA:79,0
DA:86,0
DA:88,0
DA:95,0
DA:97,0
DA:104,0
DA:108,0
DA:115,0
DA:116,0
DA:121,0
DA:142,0
DA:143,0
DA:154,0
DA:171,0
DA:172,0
DA:174,0
DA:175,0
DA:183,0
DA:188,0
DA:190,0
DA:192,0
DA:194,0
DA:196,0
DA:198,0
DA:200,0
DA:202,0
DA:204,0
LF:44
LH:0
BRDA:115,0,0,0
BRDA:115,0,1,0
BRDA:142,1,0,0
BRDA:188,2,0,0
BRDA:188,2,1,0
BRDA:188,2,2,0
BRDA:188,2,3,0
BRDA:188,2,4,0
BRDA:188,2,5,0
BRDA:188,2,6,0
BRDA:188,2,7,0
BRF:11
BRH:0
end_of_record
TN:
SF:src\utils\index.ts
FN:1,(anonymous_4)
FN:2,(anonymous_5)
FN:3,(anonymous_6)
FNF:3
FNH:0
FNDA:0,(anonymous_4)
FNDA:0,(anonymous_5)
FNDA:0,(anonymous_6)
DA:1,0
DA:2,0
DA:3,0
DA:4,0
LF:4
LH:0
BRF:0
BRH:0
end_of_record
TN:
SF:src\utils\logger.ts
FN:9,createLogger
FN:16,(anonymous_2)
FNF:2
FNH:0
FNDA:0,createLogger
FNDA:0,(anonymous_2)
DA:1,0
DA:2,0
DA:9,0
DA:10,0
DA:17,0
DA:21,0
DA:30,0
DA:31,0
DA:39,0
DA:47,0
LF:10
LH:0
BRDA:9,0,0,0
BRDA:17,1,0,0
BRDA:17,1,1,0
BRDA:30,2,0,0
BRDA:40,3,0,0
BRDA:40,3,1,0
BRF:6
BRH:0
end_of_record
TN:
SF:src\utils\performanceMonitor.ts
FN:15,(anonymous_0)
FN:32,(anonymous_1)
FN:45,(anonymous_2)
FN:64,(anonymous_3)
FN:106,(anonymous_4)
FN:113,(anonymous_5)
FN:129,(anonymous_6)
FN:140,(anonymous_7)
FN:147,(anonymous_8)
FN:149,(anonymous_9)
FN:158,(anonymous_10)
FN:176,(anonymous_11)
FN:179,(anonymous_12)
FN:180,(anonymous_13)
FN:190,(anonymous_14)
FN:199,(anonymous_15)
FN:206,(anonymous_16)
FN:208,(anonymous_17)
FN:216,(anonymous_18)
FN:218,(anonymous_19)
FN:228,(anonymous_20)
FN:235,(anonymous_21)
FN:258,(anonymous_22)
FN:272,(anonymous_23)
FN:280,(anonymous_24)
FN:285,(anonymous_25)
FN:290,(anonymous_26)
FN:294,(anonymous_27)
FN:300,(anonymous_28)
FN:304,(anonymous_29)
FN:308,(anonymous_30)
FN:313,(anonymous_31)
FN:321,(anonymous_32)
FN:325,(anonymous_33)
FN:331,(anonymous_34)
FN:335,(anonymous_35)
FN:339,(anonymous_36)
FNF:37
FNH:0
FNDA:0,(anonymous_0)
FNDA:0,(anonymous_1)
FNDA:0,(anonymous_2)
FNDA:0,(anonymous_3)
FNDA:0,(anonymous_4)
FNDA:0,(anonymous_5)
FNDA:0,(anonymous_6)
FNDA:0,(anonymous_7)
FNDA:0,(anonymous_8)
FNDA:0,(anonymous_9)
FNDA:0,(anonymous_10)
FNDA:0,(anonymous_11)
FNDA:0,(anonymous_12)
FNDA:0,(anonymous_13)
FNDA:0,(anonymous_14)
FNDA:0,(anonymous_15)
FNDA:0,(anonymous_16)
FNDA:0,(anonymous_17)
FNDA:0,(anonymous_18)
FNDA:0,(anonymous_19)
FNDA:0,(anonymous_20)
FNDA:0,(anonymous_21)
FNDA:0,(anonymous_22)
FNDA:0,(anonymous_23)
FNDA:0,(anonymous_24)
FNDA:0,(anonymous_25)
FNDA:0,(anonymous_26)
FNDA:0,(anonymous_27)
FNDA:0,(anonymous_28)
FNDA:0,(anonymous_29)
FNDA:0,(anonymous_30)
FNDA:0,(anonymous_31)
FNDA:0,(anonymous_32)
FNDA:0,(anonymous_33)
FNDA:0,(anonymous_34)
FNDA:0,(anonymous_35)
FNDA:0,(anonymous_36)
DA:2,0
DA:7,0
DA:8,0
DA:9,0
DA:16,0
DA:17,0
DA:18,0
DA:25,0
DA:26,0
DA:33,0
DA:34,0
DA:39,0
DA:46,0
DA:47,0
DA:48,0
DA:49,0
DA:52,0
DA:53,0
DA:55,0
DA:56,0
DA:58,0
DA:65,0
DA:67,0
DA:68,0
DA:82,0
DA:83,0
DA:84,0
DA:85,0
DA:86,0
DA:87,0
DA:88,0
DA:89,0
DA:92,0
DA:93,0
DA:97,0
DA:100,0
DA:107,0
DA:114,0
DA:116,0
DA:117,0
DA:118,0
DA:119,0
DA:120,0
DA:122,0
DA:123,0
DA:130,0
DA:132,0
DA:133,0
DA:134,0
DA:141,0
DA:148,0
DA:149,0
DA:150,0
DA:152,0
DA:159,0
DA:160,0
DA:162,0
DA:177,0
DA:179,0
DA:180,0
DA:181,0
DA:182,0
DA:191,0
DA:192,0
DA:193,0
DA:200,0
DA:201,0
DA:202,0
DA:207,0
DA:208,0
DA:209,0
DA:210,0
DA:211,0
DA:217,0
DA:219,0
DA:220,0
DA:222,0
DA:223,0
DA:225,0
DA:228,0
DA:237,0
DA:238,0
DA:247,0
DA:248,0
DA:261,0
DA:268,0
DA:270,0
DA:273,0
DA:280,0
DA:281,0
DA:286,0
DA:287,0
DA:289,0
DA:291,0
DA:292,0
DA:301,0
DA:305,0
DA:309,0
DA:310,0
DA:314,0
DA:315,0
DA:322,0
DA:326,0
DA:327,0
DA:328,0
DA:332,0
DA:336,0
DA:340,0
LF:108
LH:0
BRDA:15,0,0,0
BRDA:37,1,0,0
BRDA:37,1,1,0
BRDA:47,2,0,0
BRDA:64,3,0,0
BRDA:67,4,0,0
BRDA:78,5,0,0
BRDA:78,5,1,0
BRDA:92,6,0,0
BRDA:106,7,0,0
BRDA:114,8,0,0
BRDA:130,9,0,0
BRDA:166,10,0,0
BRDA:166,10,1,0
BRDA:176,11,0,0
BRDA:181,12,0,0
BRDA:200,13,0,0
BRDA:207,14,0,0
BRDA:207,15,0,0
BRDA:207,15,1,0
BRDA:219,16,0,0
BRDA:219,17,0,0
BRDA:219,17,1,0
BRDA:222,18,0,0
BRDA:222,19,0,0
BRDA:222,19,1,0
BRDA:230,20,0,0
BRDA:230,20,1,0
BRDA:237,21,0,0
BRDA:237,22,0,0
BRDA:237,22,1,0
BRDA:247,23,0,0
BRDA:247,24,0,0
BRDA:247,24,1,0
BRDA:309,25,0,0
BRDA:309,25,1,0
BRDA:326,26,0,0
BRDA:326,26,1,0
BRF:38
BRH:0
end_of_record
TN:
SF:src\utils\validation.ts
FN:14,(anonymous_1)
FN:75,(anonymous_2)
FN:122,(anonymous_3)
FN:127,(anonymous_4)
FN:133,(anonymous_5)
FN:138,(anonymous_6)
FN:144,(anonymous_7)
FN:149,(anonymous_8)
FN:155,(anonymous_9)
FN:167,(anonymous_10)
FN:176,(anonymous_11)
FNF:11
FNH:0
FNDA:0,(anonymous_1)
FNDA:0,(anonymous_2)
FNDA:0,(anonymous_3)
FNDA:0,(anonymous_4)
FNDA:0,(anonymous_5)
FNDA:0,(anonymous_6)
FNDA:0,(anonymous_7)
FNDA:0,(anonymous_8)
FNDA:0,(anonymous_9)
FNDA:0,(anonymous_10)
FNDA:0,(anonymous_11)
DA:1,0
DA:3,0
DA:4,0
DA:6,0
DA:15,0
DA:16,0
DA:17,0
DA:19,0
DA:30,0
DA:50,0
DA:69,0
DA:76,0
DA:78,0
DA:79,0
DA:80,0
DA:87,0
DA:88,0
DA:89,0
DA:90,0
DA:94,0
DA:95,0
DA:100,0
DA:101,0
DA:107,0
DA:109,0
DA:110,0
DA:112,0
DA:116,0
DA:118,0
DA:123,0
DA:124,0
DA:125,0
DA:127,0
DA:130,0
DA:134,0
DA:135,0
DA:136,0
DA:138,0
DA:141,0
DA:145,0
DA:146,0
DA:147,0
DA:149,0
DA:152,0
DA:156,0
DA:163,0
DA:164,0
DA:168,0
DA:169,0
DA:170,0
DA:172,0
DA:177,0
DA:178,0
DA:180,0
DA:181,0
DA:182,0
DA:183,0
DA:185,0
DA:187,0
LF:59
LH:0
BRDA:16,0,0,0
BRDA:79,1,0,0
BRDA:89,2,0,0
BRDA:94,3,0,0
BRDA:94,4,0,0
BRDA:94,4,1,0
BRDA:100,5,0,0
BRDA:100,6,0,0
BRDA:100,6,1,0
BRDA:109,7,0,0
BRDA:109,7,1,0
BRDA:124,8,0,0
BRDA:135,9,0,0
BRDA:146,10,0,0
BRDA:177,11,0,0
BRDA:180,12,0,0
BRDA:180,13,0,0
BRDA:180,13,1,0
BRDA:180,13,2,0
BRF:19
BRH:0
end_of_record
